TN:
SF:./src/client/app/admin/admin.module.js
FN:1,(anonymous_1)
FNF:1
FNH:1
FNDA:1,(anonymous_1)
DA:1,1
DA:4,1
LF:2
LH:2
BRF:0
BRH:0
end_of_record
TN:
SF:./src/client/app/app.module.js
FN:1,(anonymous_1)
FNF:1
FNH:1
FNDA:1,(anonymous_1)
DA:1,1
DA:4,1
LF:2
LH:2
BRF:0
BRH:0
end_of_record
TN:
SF:./src/client/app/blocks/exception/exception.module.js
FN:1,(anonymous_1)
FNF:1
FNH:1
FNDA:1,(anonymous_1)
DA:1,1
DA:4,1
LF:2
LH:2
BRF:0
BRH:0
end_of_record
TN:
SF:./src/client/app/blocks/logger/logger.module.js
FN:1,(anonymous_1)
FNF:1
FNH:1
FNDA:1,(anonymous_1)
DA:1,1
DA:4,1
LF:2
LH:2
BRF:0
BRH:0
end_of_record
TN:
SF:./src/client/app/blocks/router/router.module.js
FN:1,(anonymous_1)
FNF:1
FNH:1
FNDA:1,(anonymous_1)
DA:1,1
DA:4,1
LF:2
LH:2
BRF:0
BRH:0
end_of_record
TN:
SF:./src/client/app/core/core.module.js
FN:1,(anonymous_1)
FNF:1
FNH:1
FNDA:1,(anonymous_1)
DA:1,1
DA:4,1
LF:2
LH:2
BRF:0
BRH:0
end_of_record
TN:
SF:./src/client/app/dashboard/dashboard.module.js
FN:1,(anonymous_1)
FNF:1
FNH:1
FNDA:1,(anonymous_1)
DA:1,1
DA:4,1
LF:2
LH:2
BRF:0
BRH:0
end_of_record
TN:
SF:./src/client/app/layout/layout.module.js
FN:1,(anonymous_1)
FNF:1
FNH:1
FNDA:1,(anonymous_1)
DA:1,1
DA:4,1
LF:2
LH:2
BRF:0
BRH:0
end_of_record
TN:
SF:./src/client/app/widgets/widgets.module.js
FN:1,(anonymous_1)
FNF:1
FNH:1
FNDA:1,(anonymous_1)
DA:1,1
DA:4,1
LF:2
LH:2
BRF:0
BRH:0
end_of_record
TN:
SF:./src/client/app/admin/admin.controller.js
FN:1,(anonymous_1)
FN:10,AdminController
FN:16,activate
FNF:3
FNH:3
FNDA:1,(anonymous_1)
FNDA:3,AdminController
FNDA:3,activate
DA:1,1
DA:4,1
DA:8,1
DA:10,1
DA:11,3
DA:12,3
DA:14,3
DA:16,1
DA:17,3
LF:9
LH:9
BRF:0
BRH:0
end_of_record
TN:
SF:./src/client/app/admin/admin.route.js
FN:1,(anonymous_1)
FN:10,appRun
FN:14,getStates
FNF:3
FNH:3
FNDA:1,(anonymous_1)
FNDA:6,appRun
FNDA:6,getStates
DA:1,1
DA:4,1
DA:8,1
DA:10,1
DA:11,6
DA:14,1
DA:15,6
LF:7
LH:7
BRF:0
BRH:0
end_of_record
TN:
SF:./src/client/app/blocks/exception/exception-handler.provider.js
FN:3,(anonymous_1)
FN:14,exceptionHandlerProvider
FN:20,(anonymous_3)
FN:24,(anonymous_4)
FN:37,config
FN:50,extendExceptionHandler
FN:51,(anonymous_7)
FNF:7
FNH:7
FNDA:1,(anonymous_1)
FNDA:37,exceptionHandlerProvider
FNDA:34,(anonymous_3)
FNDA:39,(anonymous_4)
FNDA:37,config
FNDA:37,extendExceptionHandler
FNDA:1,(anonymous_7)
DA:3,1
DA:6,1
DA:14,1
DA:16,37
DA:20,37
DA:21,34
DA:24,37
DA:25,39
DA:29,1
DA:37,1
DA:38,37
DA:41,1
DA:50,1
DA:51,37
DA:52,1
DA:53,1
DA:54,1
DA:55,1
DA:65,0
LF:19
LH:18
BRDA:52,1,0,1
BRDA:52,1,1,0
BRF:2
BRH:1
end_of_record
TN:
SF:./src/client/app/blocks/exception/exception.js
FN:1,(anonymous_1)
FN:9,exception
FN:15,catcher
FN:16,(anonymous_4)
FNF:4
FNH:2
FNDA:1,(anonymous_1)
FNDA:7,exception
FNDA:0,catcher
FNDA:0,(anonymous_4)
DA:1,1
DA:4,1
DA:9,1
DA:10,7
DA:13,7
DA:15,1
DA:16,0
DA:17,0
DA:18,0
DA:19,0
DA:20,0
DA:21,0
DA:23,0
DA:24,0
DA:25,0
LF:15
LH:6
BRDA:19,1,0,0
BRDA:19,1,1,0
BRDA:19,2,0,0
BRDA:19,2,1,0
BRF:4
BRH:0
end_of_record
TN:
SF:./src/client/app/blocks/logger/logger.js
FN:1,(anonymous_1)
FN:11,logger
FN:27,error
FN:32,info
FN:37,success
FN:42,warning
FNF:6
FNH:4
FNDA:1,(anonymous_1)
FNDA:37,logger
FNDA:0,error
FNDA:7,info
FNDA:3,success
FNDA:0,warning
DA:1,1
DA:4,1
DA:8,1
DA:11,1
DA:12,37
DA:24,37
DA:27,1
DA:28,0
DA:29,0
DA:32,1
DA:33,7
DA:34,7
DA:37,1
DA:38,3
DA:39,3
DA:42,1
DA:43,0
DA:44,0
LF:18
LH:14
BRF:0
BRH:0
end_of_record
TN:
SF:./src/client/app/blocks/router/router-helper.provider.js
FN:2,(anonymous_1)
FN:11,routerHelperProvider
FN:24,(anonymous_3)
FN:31,RouterHelper
FN:51,configureStates
FN:52,(anonymous_6)
FN:63,handleRoutingErrors
FN:68,(anonymous_8)
FN:86,init
FN:91,getStates
FN:93,updateDocTitle
FN:95,(anonymous_12)
FNF:12
FNH:11
FNDA:1,(anonymous_1)
FNDA:29,routerHelperProvider
FNDA:29,(anonymous_3)
FNDA:29,RouterHelper
FNDA:45,configureStates
FNDA:45,(anonymous_6)
FNDA:29,handleRoutingErrors
FNDA:0,(anonymous_8)
FNDA:29,init
FNDA:3,getStates
FNDA:29,updateDocTitle
FNDA:18,(anonymous_12)
DA:2,1
DA:5,1
DA:9,1
DA:11,1
DA:13,29
DA:18,29
DA:19,0
DA:22,29
DA:24,29
DA:25,29
DA:28,29
DA:29,29
DA:31,1
DA:32,29
DA:33,29
DA:34,29
DA:39,29
DA:45,29
DA:47,29
DA:51,1
DA:52,45
DA:53,45
DA:55,45
DA:57,45
DA:58,29
DA:59,29
DA:63,1
DA:67,29
DA:69,0
DA:70,0
DA:72,0
DA:73,0
DA:74,0
DA:77,0
DA:80,0
DA:81,0
DA:86,1
DA:87,29
DA:88,29
DA:91,3
DA:93,1
DA:94,29
DA:96,18
DA:97,18
DA:98,18
DA:99,18
LF:46
LH:37
BRDA:18,1,0,0
BRDA:18,1,1,29
BRDA:18,2,0,29
BRDA:18,2,1,29
BRDA:54,3,0,45
BRDA:54,3,1,45
BRDA:57,4,0,29
BRDA:57,4,1,16
BRDA:57,5,0,45
BRDA:57,5,1,32
BRDA:69,6,0,0
BRDA:69,6,1,0
BRDA:74,7,0,0
BRDA:74,7,1,0
BRDA:74,7,2,0
BRDA:74,7,3,0
BRDA:74,7,4,0
BRDA:78,8,0,0
BRDA:78,8,1,0
BRDA:78,9,0,0
BRDA:78,9,1,0
BRDA:79,10,0,0
BRDA:79,10,1,0
BRDA:98,11,0,18
BRDA:98,11,1,0
BRF:25
BRH:10
end_of_record
TN:
SF:./src/client/app/core/config.js
FN:1,(anonymous_1)
FN:10,toastrConfig
FN:26,configure
FNF:3
FNH:3
FNDA:1,(anonymous_1)
FNDA:29,toastrConfig
FNDA:29,configure
DA:1,1
DA:4,1
DA:6,1
DA:8,1
DA:10,1
DA:11,29
DA:12,29
DA:15,1
DA:20,1
DA:22,1
DA:24,1
DA:26,1
DA:27,29
DA:28,29
DA:30,29
DA:31,29
LF:16
LH:16
BRDA:27,1,0,29
BRDA:27,1,1,0
BRF:2
BRH:1
end_of_record
TN:
SF:./src/client/app/core/constants.js
FN:2,(anonymous_1)
FNF:1
FNH:1
FNDA:1,(anonymous_1)
DA:2,1
DA:5,1
LF:2
LH:2
BRF:0
BRH:0
end_of_record
TN:
SF:./src/client/app/core/core.route.js
FN:1,(anonymous_1)
FN:9,appRun
FN:14,getStates
FNF:3
FNH:3
FNDA:1,(anonymous_1)
FNDA:29,appRun
FNDA:29,getStates
DA:1,1
DA:4,1
DA:9,1
DA:10,29
DA:11,29
DA:14,1
DA:15,29
LF:7
LH:7
BRF:0
BRH:0
end_of_record
TN:
SF:./src/client/app/core/dataservice.js
FN:1,(anonymous_1)
FN:10,dataservice
FN:18,getMessageCount
FN:20,getAttire
FN:25,success
FN:29,fail
FNF:6
FNH:3
FNDA:1,(anonymous_1)
FNDA:7,dataservice
FNDA:4,getMessageCount
FNDA:0,getAttire
FNDA:0,success
FNDA:0,fail
DA:1,1
DA:4,1
DA:8,1
DA:10,1
DA:11,7
DA:16,7
DA:18,4
DA:20,1
DA:21,0
DA:25,1
DA:26,0
DA:29,1
DA:30,0
LF:13
LH:10
BRF:0
BRH:0
end_of_record
TN:
SF:./src/client/app/dashboard/dashboard.controller.js
FN:1,(anonymous_1)
FN:10,DashboardController
FN:22,activate
FN:24,(anonymous_4)
FN:29,getMessageCount
FN:30,(anonymous_6)
FN:36,getAttire
FN:37,(anonymous_8)
FNF:8
FNH:8
FNDA:1,(anonymous_1)
FNDA:4,DashboardController
FNDA:4,activate
FNDA:4,(anonymous_4)
FNDA:4,getMessageCount
FNDA:4,(anonymous_6)
FNDA:4,getAttire
FNDA:4,(anonymous_8)
DA:1,1
DA:4,1
DA:8,1
DA:10,1
DA:11,4
DA:12,4
DA:16,4
DA:17,4
DA:18,4
DA:20,4
DA:22,1
DA:23,4
DA:24,4
DA:25,4
DA:29,1
DA:30,4
DA:31,4
DA:32,4
DA:36,1
DA:37,4
DA:38,4
DA:39,4
LF:22
LH:22
BRF:0
BRH:0
end_of_record
TN:
SF:./src/client/app/dashboard/dashboard.route.js
FN:1,(anonymous_1)
FN:10,appRun
FN:14,getStates
FNF:3
FNH:3
FNDA:1,(anonymous_1)
FNDA:7,appRun
FNDA:7,getStates
DA:1,1
DA:4,1
DA:8,1
DA:10,1
DA:11,7
DA:14,1
DA:15,7
LF:7
LH:7
BRF:0
BRH:0
end_of_record
TN:
SF:./src/client/app/layout/ht-sidebar.directive.js
FN:1,(anonymous_1)
FN:9,htSidebar
FN:25,link
FN:31,dropdown
FNF:4
FNH:4
FNDA:1,(anonymous_1)
FNDA:7,htSidebar
FNDA:7,link
FNDA:5,dropdown
DA:1,1
DA:4,1
DA:9,1
DA:16,7
DA:23,7
DA:25,1
DA:26,7
DA:27,7
DA:28,7
DA:29,7
DA:31,1
DA:32,5
DA:33,5
DA:34,5
DA:35,3
DA:36,3
DA:37,2
DA:38,2
DA:39,2
LF:19
LH:19
BRDA:34,1,0,3
BRDA:34,1,1,2
BRDA:37,2,0,2
BRDA:37,2,1,0
BRF:4
BRH:3
end_of_record
TN:
SF:./src/client/app/layout/ht-top-nav.directive.js
FN:1,(anonymous_1)
FN:9,htTopNav
FN:24,TopNavController
FNF:3
FNH:1
FNDA:1,(anonymous_1)
FNDA:0,htTopNav
FNDA:0,TopNavController
DA:1,1
DA:4,1
DA:9,1
DA:10,0
DA:21,0
DA:24,1
DA:25,0
DA:26,0
DA:29,0
LF:9
LH:4
BRF:0
BRH:0
end_of_record
TN:
SF:./src/client/app/layout/shell.controller.js
FN:1,(anonymous_1)
FN:10,ShellController
FN:23,activate
FN:28,hideSplash
FN:30,(anonymous_5)
FNF:5
FNH:5
FNDA:1,(anonymous_1)
FNDA:3,ShellController
FNDA:3,activate
FNDA:3,hideSplash
FNDA:1,(anonymous_5)
DA:1,1
DA:4,1
DA:8,1
DA:10,1
DA:11,3
DA:12,3
DA:13,3
DA:14,3
DA:15,3
DA:21,3
DA:23,1
DA:24,3
DA:25,3
DA:28,1
DA:30,3
DA:31,1
LF:16
LH:16
BRF:0
BRH:0
end_of_record
TN:
SF:./src/client/app/layout/sidebar.controller.js
FN:1,(anonymous_1)
FN:10,SidebarController
FN:17,activate
FN:19,getNavRoutes
FN:20,(anonymous_5)
FN:22,(anonymous_6)
FN:27,isCurrent
FNF:7
FNH:6
FNDA:1,(anonymous_1)
FNDA:3,SidebarController
FNDA:3,activate
FNDA:3,getNavRoutes
FNDA:9,(anonymous_5)
FNDA:0,(anonymous_6)
FNDA:3,isCurrent
DA:1,1
DA:4,1
DA:8,1
DA:10,1
DA:11,3
DA:12,3
DA:13,3
DA:15,3
DA:17,3
DA:19,1
DA:20,3
DA:21,9
DA:23,0
DA:27,1
DA:28,3
DA:29,0
DA:31,3
DA:32,3
LF:18
LH:16
BRDA:21,1,0,9
BRDA:21,1,1,3
BRDA:28,2,0,0
BRDA:28,2,1,3
BRDA:28,3,0,3
BRDA:28,3,1,3
BRDA:28,3,2,3
BRDA:32,4,0,2
BRDA:32,4,1,1
BRF:9
BRH:8
end_of_record
TN:
SF:./src/client/app/widgets/ht-img-person.directive.js
FN:1,(anonymous_1)
FN:10,htImgPerson
FN:21,link
FN:22,(anonymous_4)
FNF:4
FNH:1
FNDA:1,(anonymous_1)
FNDA:0,htImgPerson
FNDA:0,link
FNDA:0,(anonymous_4)
DA:1,1
DA:4,1
DA:8,1
DA:10,1
DA:13,0
DA:14,0
DA:15,0
DA:19,0
DA:21,1
DA:22,0
DA:23,0
DA:24,0
LF:12
LH:5
BRDA:23,1,0,0
BRDA:23,1,1,0
BRF:2
BRH:0
end_of_record
TN:
SF:./src/client/app/widgets/ht-widget-header.directive.js
FN:1,(anonymous_1)
FN:9,htWidgetHeader
FN:29,link
FN:30,(anonymous_4)
FNF:4
FNH:1
FNDA:1,(anonymous_1)
FNDA:0,htWidgetHeader
FNDA:0,link
FNDA:0,(anonymous_4)
DA:1,1
DA:4,1
DA:9,1
DA:16,0
DA:27,0
DA:29,1
DA:30,0
DA:31,0
DA:32,0
DA:33,0
LF:10
LH:4
BRDA:31,1,0,0
BRDA:31,1,1,0
BRF:2
BRH:0
end_of_record
